# JRE version: OpenJDK Runtime Environment (11.0.11+9) (build 11.0.11+9-b60-7590822)
# Java VM: OpenJDK 64-Bit Server VM (11.0.11+9-b60-7590822, mixed mode, tiered, compressed oops, g1 gc, windows-amd64)
Heap:
 garbage-first heap   total 157696K, used 45387K [0x0000000080000000, 0x0000000100000000)
  region size 1024K, 3 young (3072K), 2 survivors (2048K)
 Metaspace       used 59122K, capacity 60489K, committed 60620K, reserved 1101824K
  class space    used 7480K, capacity 8009K, committed 8140K, reserved 1048576K
GC Heap History (20 events):
Event: 2.153 GC heap before
{Heap before GC invocations=1 (full 0):
 garbage-first heap   total 131072K, used 84037K [0x0000000080000000, 0x0000000100000000)
  region size 1024K, 76 young (77824K), 3 survivors (3072K)
 Metaspace       used 17593K, capacity 17986K, committed 18176K, reserved 1064960K
  class space    used 2079K, capacity 2217K, committed 2304K, reserved 1048576K
}
Event: 2.161 GC heap after
{Heap after GC invocations=2 (full 0):
 garbage-first heap   total 131072K, used 16439K [0x0000000080000000, 0x0000000100000000)
  region size 1024K, 10 young (10240K), 10 survivors (10240K)
 Metaspace       used 17593K, capacity 17986K, committed 18176K, reserved 1064960K
  class space    used 2079K, capacity 2217K, committed 2304K, reserved 1048576K
}
Event: 2.477 GC heap before
{Heap before GC invocations=2 (full 0):
 garbage-first heap   total 131072K, used 42039K [0x0000000080000000, 0x0000000100000000)
  region size 1024K, 36 young (36864K), 10 survivors (10240K)
 Metaspace       used 20664K, capacity 21072K, committed 21248K, reserved 1067008K
  class space    used 2538K, capacity 2692K, committed 2816K, reserved 1048576K
}
Event: 2.485 GC heap after
{Heap after GC invocations=3 (full 0):
 garbage-first heap   total 131072K, used 16942K [0x0000000080000000, 0x0000000100000000)
  region size 1024K, 1 young (1024K), 1 survivors (1024K)
 Metaspace       used 20664K, capacity 21072K, committed 21248K, reserved 1067008K
  class space    used 2538K, capacity 2692K, committed 2816K, reserved 1048576K
}
Event: 2.942 GC heap before
{Heap before GC invocations=4 (full 0):
 garbage-first heap   total 131072K, used 67118K [0x0000000080000000, 0x0000000100000000)
  region size 1024K, 51 young (52224K), 1 survivors (1024K)
 Metaspace       used 25939K, capacity 26502K, committed 26752K, reserved 1073152K
  class space    used 3391K, capacity 3615K, committed 3712K, reserved 1048576K
}
Event: 2.945 GC heap after
{Heap after GC invocations=5 (full 0):
 garbage-first heap   total 131072K, used 18819K [0x0000000080000000, 0x0000000100000000)
  region size 1024K, 3 young (3072K), 3 survivors (3072K)
 Metaspace       used 25939K, capacity 26502K, committed 26752K, reserved 1073152K
  class space    used 3391K, capacity 3615K, committed 3712K, reserved 1048576K
}
Event: 3.621 GC heap before
{Heap before GC invocations=5 (full 0):
 garbage-first heap   total 131072K, used 75139K [0x0000000080000000, 0x0000000100000000)
  region size 1024K, 58 young (59392K), 3 survivors (3072K)
 Metaspace       used 33002K, capacity 33770K, committed 34048K, reserved 1079296K
  class space    used 4295K, capacity 4571K, committed 4608K, reserved 1048576K
}
Event: 3.625 GC heap after
{Heap after GC invocations=6 (full 0):
 garbage-first heap   total 131072K, used 21615K [0x0000000080000000, 0x0000000100000000)
  region size 1024K, 6 young (6144K), 6 survivors (6144K)
 Metaspace       used 33002K, capacity 33770K, committed 34048K, reserved 1079296K
  class space    used 4295K, capacity 4571K, committed 4608K, reserved 1048576K
}
Event: 3.731 GC heap before
{Heap before GC invocations=6 (full 0):
 garbage-first heap   total 131072K, used 25711K [0x0000000080000000, 0x0000000100000000)
  region size 1024K, 11 young (11264K), 6 survivors (6144K)
 Metaspace       used 35031K, capacity 35786K, committed 35840K, reserved 1081344K
  class space    used 4556K, capacity 4863K, committed 4864K, reserved 1048576K
}
Event: 3.740 GC heap after
{Heap after GC invocations=7 (full 0):
 garbage-first heap   total 131072K, used 22724K [0x0000000080000000, 0x0000000100000000)
  region size 1024K, 4 young (4096K), 4 survivors (4096K)
 Metaspace       used 35031K, capacity 35786K, committed 35840K, reserved 1081344K
  class space    used 4556K, capacity 4863K, committed 4864K, reserved 1048576K
}
Event: 7.481 GC heap before
{Heap before GC invocations=8 (full 0):
 garbage-first heap   total 131072K, used 80068K [0x0000000080000000, 0x0000000100000000)
  region size 1024K, 58 young (59392K), 4 survivors (4096K)
 Metaspace       used 39110K, capacity 40013K, committed 40268K, reserved 1083392K
  class space    used 5011K, capacity 5351K, committed 5452K, reserved 1048576K
}
Event: 7.487 GC heap after
{Heap after GC invocations=9 (full 0):
 garbage-first heap   total 131072K, used 26743K [0x0000000080000000, 0x0000000100000000)
  region size 1024K, 8 young (8192K), 8 survivors (8192K)
 Metaspace       used 39110K, capacity 40013K, committed 40268K, reserved 1083392K
  class space    used 5011K, capacity 5351K, committed 5452K, reserved 1048576K
}
Event: 8.433 GC heap before
{Heap before GC invocations=9 (full 0):
 garbage-first heap   total 131072K, used 84087K [0x0000000080000000, 0x0000000100000000)
  region size 1024K, 63 young (64512K), 8 survivors (8192K)
 Metaspace       used 44327K, capacity 45304K, committed 45516K, reserved 1089536K
  class space    used 5685K, capacity 6058K, committed 6092K, reserved 1048576K
}
Event: 8.443 GC heap after
{Heap after GC invocations=10 (full 0):
 garbage-first heap   total 131072K, used 29036K [0x0000000080000000, 0x0000000100000000)
  region size 1024K, 3 young (3072K), 3 survivors (3072K)
 Metaspace       used 44327K, capacity 45304K, committed 45516K, reserved 1089536K
  class space    used 5685K, capacity 6058K, committed 6092K, reserved 1048576K
}
Event: 9.576 GC heap before
{Heap before GC invocations=10 (full 0):
 garbage-first heap   total 131072K, used 86380K [0x0000000080000000, 0x0000000100000000)
  region size 1024K, 60 young (61440K), 3 survivors (3072K)
 Metaspace       used 47524K, capacity 48732K, committed 48844K, reserved 1091584K
  class space    used 6094K, capacity 6562K, committed 6604K, reserved 1048576K
}
Event: 9.582 GC heap after
{Heap after GC invocations=11 (full 0):
 garbage-first heap   total 157696K, used 30751K [0x0000000080000000, 0x0000000100000000)
  region size 1024K, 5 young (5120K), 5 survivors (5120K)
 Metaspace       used 47524K, capacity 48732K, committed 48844K, reserved 1091584K
  class space    used 6094K, capacity 6562K, committed 6604K, reserved 1048576K
}
Event: 10.644 GC heap before
{Heap before GC invocations=11 (full 0):
 garbage-first heap   total 157696K, used 105503K [0x0000000080000000, 0x0000000100000000)
  region size 1024K, 74 young (75776K), 5 survivors (5120K)
 Metaspace       used 54287K, capacity 55655K, committed 55884K, reserved 1097728K
  class space    used 6936K, capacity 7446K, committed 7500K, reserved 1048576K
}
Event: 10.652 GC heap after
{Heap after GC invocations=12 (full 0):
 garbage-first heap   total 157696K, used 43983K [0x0000000080000000, 0x0000000100000000)
  region size 1024K, 10 young (10240K), 10 survivors (10240K)
 Metaspace       used 54287K, capacity 55655K, committed 55884K, reserved 1097728K
  class space    used 6936K, capacity 7446K, committed 7500K, reserved 1048576K
}
Event: 11.078 GC heap before
{Heap before GC invocations=12 (full 0):
 garbage-first heap   total 157696K, used 71631K [0x0000000080000000, 0x0000000100000000)
  region size 1024K, 38 young (38912K), 10 survivors (10240K)
 Metaspace       used 58805K, capacity 60184K, committed 60236K, reserved 1101824K
  class space    used 7442K, capacity 7971K, committed 8012K, reserved 1048576K
}
Event: 11.093 GC heap after
{Heap after GC invocations=13 (full 0):
 garbage-first heap   total 157696K, used 45387K [0x0000000080000000, 0x0000000100000000)
  region size 1024K, 2 young (2048K), 2 survivors (2048K)
 Metaspace       used 58805K, capacity 60184K, committed 60236K, reserved 1101824K
  class space    used 7442K, capacity 7971K, committed 8012K, reserved 1048576K
}

